0 info it worked if it ends with ok
1 verbose cli [ 'C:\\Program Files\\nodejs\\node.exe',
1 verbose cli   'C:\\Users\\sundamatla\\AppData\\Roaming\\npm\\node_modules\\npm\\bin\\npm-cli.js',
1 verbose cli   'run',
1 verbose cli   'test' ]
2 info using npm@3.10.8
3 info using node@v4.6.0
4 verbose run-script [ 'pretest', 'test', 'posttest' ]
5 info lifecycle angular2-unit-testing-demo@1.0.0~pretest: angular2-unit-testing-demo@1.0.0
6 verbose lifecycle angular2-unit-testing-demo@1.0.0~pretest: unsafe-perm in lifecycle true
7 verbose lifecycle angular2-unit-testing-demo@1.0.0~pretest: PATH: C:\Users\sundamatla\AppData\Roaming\npm\node_modules\npm\bin\node-gyp-bin;C:\UI-Projects\unit-testing-demo\node_modules\.bin;C:\ProgramData\Oracle\Java\javapath;C:\WINDOWS\system32;C:\WINDOWS;C:\WINDOWS\System32\Wbem;C:\WINDOWS\System32\WindowsPowerShell\v1.0\;C:\Program Files\1E\NomadBranch\;C:\Program Files\nodejs\;C:\Program Files\Git\cmd;;C:\Program Files (x86)\Microsoft VS Code\bin;C:\Users\sundamatla\AppData\Roaming\npm;C:\Program Files\Java\jdk1.8.0_101\bin;C:\Program Files\Git\bin;;.;
8 verbose lifecycle angular2-unit-testing-demo@1.0.0~pretest: CWD: C:\UI-Projects\unit-testing-demo
9 silly lifecycle angular2-unit-testing-demo@1.0.0~pretest: Args: [ '/d /s /c', 'npm run build' ]
10 silly lifecycle angular2-unit-testing-demo@1.0.0~pretest: Returned: code: 0  signal: null
11 info lifecycle angular2-unit-testing-demo@1.0.0~test: angular2-unit-testing-demo@1.0.0
12 verbose lifecycle angular2-unit-testing-demo@1.0.0~test: unsafe-perm in lifecycle true
13 verbose lifecycle angular2-unit-testing-demo@1.0.0~test: PATH: C:\Users\sundamatla\AppData\Roaming\npm\node_modules\npm\bin\node-gyp-bin;C:\UI-Projects\unit-testing-demo\node_modules\.bin;C:\ProgramData\Oracle\Java\javapath;C:\WINDOWS\system32;C:\WINDOWS;C:\WINDOWS\System32\Wbem;C:\WINDOWS\System32\WindowsPowerShell\v1.0\;C:\Program Files\1E\NomadBranch\;C:\Program Files\nodejs\;C:\Program Files\Git\cmd;;C:\Program Files (x86)\Microsoft VS Code\bin;C:\Users\sundamatla\AppData\Roaming\npm;C:\Program Files\Java\jdk1.8.0_101\bin;C:\Program Files\Git\bin;;.;
14 verbose lifecycle angular2-unit-testing-demo@1.0.0~test: CWD: C:\UI-Projects\unit-testing-demo
15 silly lifecycle angular2-unit-testing-demo@1.0.0~test: Args: [ '/d /s /c', 'karma start karma.conf.js' ]
16 silly lifecycle angular2-unit-testing-demo@1.0.0~test: Returned: code: 1  signal: null
17 info lifecycle angular2-unit-testing-demo@1.0.0~test: Failed to exec test script
18 verbose stack Error: angular2-unit-testing-demo@1.0.0 test: `karma start karma.conf.js`
18 verbose stack Exit status 1
18 verbose stack     at EventEmitter.<anonymous> (C:\Users\sundamatla\AppData\Roaming\npm\node_modules\npm\lib\utils\lifecycle.js:255:16)
18 verbose stack     at emitTwo (events.js:87:13)
18 verbose stack     at EventEmitter.emit (events.js:172:7)
18 verbose stack     at ChildProcess.<anonymous> (C:\Users\sundamatla\AppData\Roaming\npm\node_modules\npm\lib\utils\spawn.js:40:14)
18 verbose stack     at emitTwo (events.js:87:13)
18 verbose stack     at ChildProcess.emit (events.js:172:7)
18 verbose stack     at maybeClose (internal/child_process.js:829:16)
18 verbose stack     at Process.ChildProcess._handle.onexit (internal/child_process.js:211:5)
19 verbose pkgid angular2-unit-testing-demo@1.0.0
20 verbose cwd C:\UI-Projects\unit-testing-demo
21 error Windows_NT 6.1.7601
22 error argv "C:\\Program Files\\nodejs\\node.exe" "C:\\Users\\sundamatla\\AppData\\Roaming\\npm\\node_modules\\npm\\bin\\npm-cli.js" "run" "test"
23 error node v4.6.0
24 error npm  v3.10.8
25 error code ELIFECYCLE
26 error angular2-unit-testing-demo@1.0.0 test: `karma start karma.conf.js`
26 error Exit status 1
27 error Failed at the angular2-unit-testing-demo@1.0.0 test script 'karma start karma.conf.js'.
27 error Make sure you have the latest version of node.js and npm installed.
27 error If you do, this is most likely a problem with the angular2-unit-testing-demo package,
27 error not with npm itself.
27 error Tell the author that this fails on your system:
27 error     karma start karma.conf.js
27 error You can get information on how to open an issue for this project with:
27 error     npm bugs angular2-unit-testing-demo
27 error Or if that isn't available, you can get their info via:
27 error     npm owner ls angular2-unit-testing-demo
27 error There is likely additional logging output above.
28 verbose exit [ 1, true ]
