0 info it worked if it ends with ok
1 verbose cli [ 'C:\\Program Files\\nodejs\\node.exe',
1 verbose cli   'C:\\Users\\sundamatla\\AppData\\Roaming\\npm\\node_modules\\npm\\bin\\npm-cli.js',
1 verbose cli   'run',
1 verbose cli   'build' ]
2 info using npm@3.10.8
3 info using node@v4.6.0
4 verbose run-script [ 'prebuild', 'build', 'postbuild' ]
5 info lifecycle angular2-unit-testing-demo@1.0.0~prebuild: angular2-unit-testing-demo@1.0.0
6 silly lifecycle angular2-unit-testing-demo@1.0.0~prebuild: no script for prebuild, continuing
7 info lifecycle angular2-unit-testing-demo@1.0.0~build: angular2-unit-testing-demo@1.0.0
8 verbose lifecycle angular2-unit-testing-demo@1.0.0~build: unsafe-perm in lifecycle true
9 verbose lifecycle angular2-unit-testing-demo@1.0.0~build: PATH: C:\Users\sundamatla\AppData\Roaming\npm\node_modules\npm\bin\node-gyp-bin;C:\UI-Projects\unit-testing-demo\node_modules\.bin;C:\ProgramData\Oracle\Java\javapath;C:\WINDOWS\system32;C:\WINDOWS;C:\WINDOWS\System32\Wbem;C:\WINDOWS\System32\WindowsPowerShell\v1.0\;C:\Program Files\1E\NomadBranch\;C:\Program Files\nodejs\;C:\Program Files\Git\cmd;;C:\Program Files (x86)\Microsoft VS Code\bin;C:\Users\sundamatla\AppData\Roaming\npm;C:\Program Files\Java\jdk1.8.0_101\bin;C:\Program Files\Git\bin;;.;
10 verbose lifecycle angular2-unit-testing-demo@1.0.0~build: CWD: C:\UI-Projects\unit-testing-demo
11 silly lifecycle angular2-unit-testing-demo@1.0.0~build: Args: [ '/d /s /c', 'del dist && tsc -p app' ]
12 silly lifecycle angular2-unit-testing-demo@1.0.0~build: Returned: code: 2  signal: null
13 info lifecycle angular2-unit-testing-demo@1.0.0~build: Failed to exec build script
14 verbose stack Error: angular2-unit-testing-demo@1.0.0 build: `del dist && tsc -p app`
14 verbose stack Exit status 2
14 verbose stack     at EventEmitter.<anonymous> (C:\Users\sundamatla\AppData\Roaming\npm\node_modules\npm\lib\utils\lifecycle.js:255:16)
14 verbose stack     at emitTwo (events.js:87:13)
14 verbose stack     at EventEmitter.emit (events.js:172:7)
14 verbose stack     at ChildProcess.<anonymous> (C:\Users\sundamatla\AppData\Roaming\npm\node_modules\npm\lib\utils\spawn.js:40:14)
14 verbose stack     at emitTwo (events.js:87:13)
14 verbose stack     at ChildProcess.emit (events.js:172:7)
14 verbose stack     at maybeClose (internal/child_process.js:829:16)
14 verbose stack     at Process.ChildProcess._handle.onexit (internal/child_process.js:211:5)
15 verbose pkgid angular2-unit-testing-demo@1.0.0
16 verbose cwd C:\UI-Projects\unit-testing-demo\app
17 error Windows_NT 6.1.7601
18 error argv "C:\\Program Files\\nodejs\\node.exe" "C:\\Users\\sundamatla\\AppData\\Roaming\\npm\\node_modules\\npm\\bin\\npm-cli.js" "run" "build"
19 error node v4.6.0
20 error npm  v3.10.8
21 error code ELIFECYCLE
22 error angular2-unit-testing-demo@1.0.0 build: `del dist && tsc -p app`
22 error Exit status 2
23 error Failed at the angular2-unit-testing-demo@1.0.0 build script 'del dist && tsc -p app'.
23 error Make sure you have the latest version of node.js and npm installed.
23 error If you do, this is most likely a problem with the angular2-unit-testing-demo package,
23 error not with npm itself.
23 error Tell the author that this fails on your system:
23 error     del dist && tsc -p app
23 error You can get information on how to open an issue for this project with:
23 error     npm bugs angular2-unit-testing-demo
23 error Or if that isn't available, you can get their info via:
23 error     npm owner ls angular2-unit-testing-demo
23 error There is likely additional logging output above.
24 verbose exit [ 1, true ]
